14:41:07 注册成功
14:44:43 注册成功
14:45:54 准备发送，队列：0

14:45:54 已发送给网关

14:46:00 无效的 JSON 基元: 。
14:47:18 注册成功
14:48:29 准备发送，队列：0

14:49:13 已发送给网关

14:50:32 无效的 JSON 基元: 。
14:55:41 注册失败
14:55:56 注册成功
14:56:29 准备发送，队列：0

14:56:34 已发送给网关

14:58:03 无效的 JSON 基元: 。
14:59:48 注册成功
15:06:25 注册失败
15:14:59 注册成功
15:21:09 注册成功
15:21:56 准备发送，队列：0

15:22:49 注册成功
15:23:51 准备发送，队列：0

15:24:35 已发送给网关

15:25:06 无效的 JSON 基元: 。
15:31:20 注册失败
15:33:00 注册成功
15:40:02 注册失败
15:40:17 注册失败
15:41:02 注册成功
15:41:44 准备发送，队列：0

15:41:52 已发送给网关

15:42:04 无效的 JSON 基元: 。
15:48:45 注册失败
15:49:08 注册成功
15:49:34 准备发送，队列：0

15:49:38 已发送给网关

15:49:42 000016713281抄表成功！值：000014.56
16:03:15 注册成功
16:04:43 由于连接方在一段时间后没有正确答复或连接的主机没有反应，连接尝试失败。
