11:46:22 注册成功
11:54:11 注册成功
11:54:25 准备发送，队列：0

11:54:26 已发送给网关

11:54:27 000016713281抄表成功！值：000017.57
12:24:46 注册成功
12:24:51 已发送给网关

12:25:05 准备发送，队列：0

12:25:06 已发送给网关

12:25:06 000016713281抄表成功！值：000017.62
12:25:34 准备发送，队列：0

12:25:36 已发送给网关

12:25:36 000016713281抄表成功！值：000017.62
13:11:09 注册成功
13:11:36 准备发送，队列：0

13:11:37 已发送给网关

13:11:38 000016713281抄表成功！值：000018.01
13:20:53 注册失败
13:22:03 注册成功
13:22:20 准备发送，队列：0

13:22:21 已发送给网关

13:22:39 000016713281抄表成功！值：000018.03
13:25:39 注册失败
13:25:44 注册失败
13:25:52 注册失败
13:26:26 注册成功
13:26:54 准备发送，队列：0

13:26:55 已发送给网关

13:26:55 000016713281抄表成功！值：000018.05
13:31:43 注册失败
13:32:21 注册失败
13:35:38 注册成功
13:35:55 准备发送，队列：0

13:35:56 已发送给网关

13:35:56 000016713281抄表成功！值：000018.07
13:36:29 准备发送，队列：0

13:36:29 已发送给网关

13:36:36 000016713281抄表成功！值：000018.07
13:51:56 注册失败
13:54:57 注册成功
13:55:21 准备发送，队列：0

13:55:22 已发送给网关

13:55:22 000016713281抄表成功！值：000018.11
13:55:47 准备发送，队列：0

13:55:47 已发送给网关

13:55:48 000016713281抄表成功！值：000018.11
14:05:24 注册成功
14:16:50 注册成功
14:17:07 准备发送，队列：0

14:17:08 已发送给网关

14:17:08 000016713281抄表成功！值：000018.15
14:19:35 注册成功
14:19:49 准备发送，队列：0

14:19:49 已发送给网关

14:19:49 000016713281抄表成功！值：000018.15
14:20:44 准备发送，队列：0

14:20:46 已发送给网关

14:20:46 000016713281抄表成功！值：000018.15
14:21:30 准备发送，队列：0

14:21:32 已发送给网关

14:21:32 000016713281抄表成功！值：000018.15
14:26:10 注册成功
14:26:14 准备发送，队列：0

14:26:14 已发送给网关

14:26:14 000016713281抄表成功！值：000018.16
14:26:53 已发送给网关

14:33:05 注册成功
14:33:06 准备发送，队列：0

14:33:08 已发送给网关

14:33:08 000016713281抄表成功！值：000018.17
14:36:32 注册失败
14:37:22 注册成功
14:37:23 注册成功
14:38:27 准备发送，队列：0

14:38:32 已发送给网关

14:38:32 000016713281抄表成功！值：000018.18
14:40:22 注册成功
14:40:27 准备发送，队列：0

14:40:28 已发送给网关

14:40:28 000016713281抄表成功！值：000018.18
14:46:40 注册成功
14:46:42 准备发送，队列：0

14:46:45 已发送给网关

14:46:45 000016713281抄表成功！值：000018.19
14:47:21 准备发送，队列：0

14:47:31 已发送给网关

14:47:33 000016713281抄表成功！值：000018.19
14:48:03 准备发送，队列：0

14:48:03 已发送给网关

14:48:04 000016713281抄表成功！值：000018.20
14:53:44 注册成功
14:53:49 注册成功
14:53:55 已发送给网关

14:57:08 注册失败
14:57:21 你的主机中的软件中止了一个已建立的连接。
14:57:49 注册成功
14:57:55 已发送给网关

14:59:23 注册失败
15:04:05 注册成功
15:04:10 准备发送，队列：0

15:04:12 已发送给网关

15:04:12 000016713281抄表成功！值：000018.22
15:06:08 你的主机中的软件中止了一个已建立的连接。
15:06:08 注册失败
15:23:02 注册成功
15:23:06 注册成功
15:28:46 注册成功
15:28:52 注册成功
15:30:31 注册成功
15:30:33 准备发送，队列：0

15:30:34 已发送给网关

15:30:35 000016713281抄表成功！值：000018.26
15:33:19 注册成功
15:33:20 注册成功
15:35:07 注册成功
15:36:48 你的主机中的软件中止了一个已建立的连接。
15:36:49 注册失败
15:39:36 注册成功
15:39:43 准备发送，队列：0

15:39:43 已发送给网关

15:39:43 000016713281抄表成功！值：000018.28
15:58:18 注册成功
15:58:21 准备发送，队列：0

15:58:21 已发送给网关

15:58:21 000016713281抄表成功！值：000018.30
15:58:49 注册成功
15:58:50 准备发送，队列：0

15:58:52 已发送给网关

15:58:52 未从此类上对应的异步方法中返回 IAsyncResult 对象。
参数名: asyncResult
15:58:52 无法访问已释放的对象。
对象名:“System.Net.Sockets.Socket”。
15:58:52 000016713281抄表成功！值：000018.31
16:00:06 注册成功
16:00:11 准备发送，队列：0

16:00:11 已发送给网关

16:00:11 000016713281抄表成功！值：000018.31
16:00:32 异常，CSAPI AppEUI Error

16:01:03 未从此类上对应的异步方法中返回 IAsyncResult 对象。
参数名: asyncResult
16:01:05 无法访问已释放的对象。
对象名:“System.Net.Sockets.Socket”。
16:03:20 注册失败
16:06:18 注册成功
16:06:38 注册失败
16:07:13 无法访问已释放的对象。
对象名:“System.Net.Sockets.Socket”。
16:10:19 注册失败
16:24:52 注册成功
16:35:16 注册成功
16:36:00 注册失败
16:36:45 注册成功
16:37:00 准备发送，队列：0

16:37:03 已发送给网关

16:37:03 000016713281抄表成功！值：000018.37
16:38:19 注册失败
16:38:41 注册成功
16:38:46 准备发送，队列：0

16:38:46 已发送给网关

16:38:46 000016713281抄表成功！值：000018.37
16:42:27 注册失败
