11:15:53 注册成功
11:15:55 准备发送，队列：0

11:15:55 已发送给网关

11:15:57 000016713281抄表成功！值：000034.17
11:16:23 准备发送，队列：0

11:16:23 已发送给网关

11:16:25 000016713281抄表成功！值：000034.17
11:16:53 准备发送，队列：0

11:16:53 已发送给网关

11:16:55 000016713281抄表成功！值：000034.17
11:17:15 准备发送，队列：0

11:17:15 已发送给网关

11:17:27 000016713281抄表成功！值：000034.17
11:22:53 准备发送，队列：0

11:22:53 已发送给网关

11:22:55 000016713281抄表成功！值：000034.18
11:23:37 准备发送，队列：0

11:23:37 已发送给网关

11:24:24 准备发送，队列：0

11:24:24 已发送给网关

11:24:26 000016713281抄表成功！值：000034.19
11:35:11 由于连接方在一段时间后没有正确答复或连接的主机没有反应，连接尝试失败。
11:37:14 注册成功
11:37:15 准备发送，队列：0

11:37:15 已发送给网关

11:37:17 000016713281抄表成功！值：000034.26
11:38:56 准备发送，队列：0

11:38:56 已发送给网关

11:38:58 000016713281抄表成功！值：000034.26
11:43:22 准备发送，队列：0

11:43:22 已发送给网关

11:43:24 000016713281抄表成功！值：000034.27
11:54:43 由于连接方在一段时间后没有正确答复或连接的主机没有反应，连接尝试失败。
12:21:37 注册成功
12:21:38 准备发送，队列：0

12:21:38 已发送给网关

12:21:48 000016713281抄表成功！值：000034.36
12:23:34 准备发送，队列：0

12:23:54 已发送给网关

12:23:54 000016713281抄表成功！值：000034.36
12:24:25 注册成功
12:24:25 未从此类上对应的异步方法中返回 IAsyncResult 对象。
参数名: asyncResult
12:28:12 注册成功
12:28:27 准备发送，队列：0

12:28:27 已发送给网关

12:28:27 000016713281抄表成功！值：000034.41
12:28:30 注册失败
12:30:59 注册成功
12:31:02 准备发送，队列：0

12:31:02 已发送给网关

12:31:04 000016713281抄表成功！值：000034.48
12:31:40 准备发送，队列：0

12:31:40 已发送给网关

12:31:42 000016713281抄表成功！值：000034.49
12:32:19 准备发送，队列：0

12:32:19 已发送给网关

12:32:21 000016713281抄表成功！值：000034.50
13:05:23 注册成功
13:05:26 准备发送，队列：0

13:05:26 已发送给网关

13:05:28 000016713281抄表成功！值：000034.58
13:05:34 未从此类上对应的异步方法中返回 IAsyncResult 对象。
参数名: asyncResult
13:05:34 无法访问已释放的对象。
对象名:“System.Net.Sockets.Socket”。
13:08:15 注册成功
13:08:17 准备发送，队列：0

13:08:17 已发送给网关

13:08:19 000016713281抄表成功！值：000034.59
14:29:15 注册成功
14:29:31 在与 SQL Server 建立连接时出现与网络相关的或特定于实例的错误。未找到或无法访问服务器。请验证实例名称是否正确并且 SQL Server 已配置为允许远程连接。 (provider: TCP Provider, error: 0 - 远程计算机拒绝网络连接。)
14:29:31 在与 SQL Server 建立连接时出现与网络相关的或特定于实例的错误。未找到或无法访问服务器。请验证实例名称是否正确并且 SQL Server 已配置为允许远程连接。 (provider: TCP Provider, error: 0 - 远程计算机拒绝网络连接。)
14:29:31 准备发送，队列：0

14:29:31 在与 SQL Server 建立连接时出现与网络相关的或特定于实例的错误。未找到或无法访问服务器。请验证实例名称是否正确并且 SQL Server 已配置为允许远程连接。 (provider: TCP Provider, error: 0 - 远程计算机拒绝网络连接。)
14:29:31 已发送给网关

14:29:31 在与 SQL Server 建立连接时出现与网络相关的或特定于实例的错误。未找到或无法访问服务器。请验证实例名称是否正确并且 SQL Server 已配置为允许远程连接。 (provider: TCP Provider, error: 0 - 远程计算机拒绝网络连接。)
14:29:31 在与 SQL Server 建立连接时出现与网络相关的或特定于实例的错误。未找到或无法访问服务器。请验证实例名称是否正确并且 SQL Server 已配置为允许远程连接。 (provider: TCP Provider, error: 0 - 远程计算机拒绝网络连接。)
14:29:31 抄表失败
14:29:31 在与 SQL Server 建立连接时出现与网络相关的或特定于实例的错误。未找到或无法访问服务器。请验证实例名称是否正确并且 SQL Server 已配置为允许远程连接。 (provider: TCP Provider, error: 0 - 远程计算机拒绝网络连接。)
14:29:55 准备发送，队列：0

14:30:10 在与 SQL Server 建立连接时出现与网络相关的或特定于实例的错误。未找到或无法访问服务器。请验证实例名称是否正确并且 SQL Server 已配置为允许远程连接。 (provider: TCP Provider, error: 0 - 远程计算机拒绝网络连接。)
14:30:10 已发送给网关

14:30:10 在与 SQL Server 建立连接时出现与网络相关的或特定于实例的错误。未找到或无法访问服务器。请验证实例名称是否正确并且 SQL Server 已配置为允许远程连接。 (provider: TCP Provider, error: 0 - 远程计算机拒绝网络连接。)
14:30:10 在与 SQL Server 建立连接时出现与网络相关的或特定于实例的错误。未找到或无法访问服务器。请验证实例名称是否正确并且 SQL Server 已配置为允许远程连接。 (provider: TCP Provider, error: 0 - 远程计算机拒绝网络连接。)
14:31:17 注册成功
14:31:18 准备发送，队列：0

14:31:18 已发送给网关

14:31:34 000016713281抄表成功！值：000034.78
15:40:41 注册成功
15:40:42 准备发送，队列：0

15:40:42 已发送给网关

15:40:46 000016713281抄表成功！值：000034.92
15:40:51 未从此类上对应的异步方法中返回 IAsyncResult 对象。
参数名: asyncResult
15:40:51 无法访问已释放的对象。
对象名:“System.Net.Sockets.Socket”。
15:45:03 注册成功
15:45:20 准备发送，队列：0

15:45:20 已发送给网关

15:51:06 准备发送，队列：0

15:51:07 已发送给网关

15:53:17 准备发送，队列：0

15:53:19 已发送给网关

15:56:01 注册成功
15:56:02 准备发送，队列：0

15:56:02 已发送给网关

15:56:05 000016713281抄表成功！值：000034.94
15:56:42 准备发送，队列：0

15:56:42 已发送给网关

15:57:01 000016713281抄表成功！值：000034.94
15:57:42 准备发送，队列：0

15:57:43 已发送给网关

15:57:44 000016713281抄表成功！值：000034.94
15:58:42 准备发送，队列：0

15:58:42 已发送给网关

15:58:52 000016713281抄表成功！值：000034.95
15:59:42 准备发送，队列：0

15:59:42 已发送给网关

16:00:42 准备发送，队列：0

16:00:43 已发送给网关

16:01:42 准备发送，队列：0

16:01:42 已发送给网关

16:01:45 000016713281抄表成功！值：000034.95
16:02:42 准备发送，队列：0

16:02:42 已发送给网关

16:02:44 000016713281抄表成功！值：000034.95
16:03:42 准备发送，队列：0

16:03:43 已发送给网关

16:03:44 000016713281抄表成功！值：000034.95
16:04:42 准备发送，队列：0

16:04:43 已发送给网关

16:04:57 000016713281抄表成功！值：000034.95
16:06:44 注册成功
16:06:45 准备发送，队列：0

16:06:45 已发送给网关

16:07:09 000016713281抄表成功！值：000034.96
16:07:42 准备发送，队列：0

16:07:42 已发送给网关

16:07:49 000016713281抄表成功！值：000034.96
16:08:42 准备发送，队列：0

16:08:42 已发送给网关

16:08:44 000016713281抄表成功！值：000034.96
16:09:42 准备发送，队列：0

16:09:42 已发送给网关

16:10:01 000016713281抄表成功！值：000034.96
16:18:58 注册成功
16:18:59 准备发送，队列：0

16:18:59 已发送给网关

16:19:11 000016713281抄表成功！值：000034.98
16:19:19 准备发送，队列：0

16:19:19 已发送给网关

16:19:21 000016713281抄表成功！值：000034.98
16:38:23 注册成功
16:38:24 准备发送，队列：0

16:38:24 已发送给网关

16:38:26 000016713281抄表成功！值：000035.00
