10:04:02 注册成功
10:04:04 用户 'sa' 登录失败。
10:04:04 准备发送，队列：0

10:04:04 用户 'sa' 登录失败。
10:04:04 已发送给网关

10:04:04 用户 'sa' 登录失败。
10:05:32 注册成功
10:05:35 准备发送，队列：0

10:05:35 已发送给网关

10:05:36 000016713281抄表成功！值：000031.41
10:11:20 注册成功
10:11:40 准备发送，队列：0

10:12:03 已发送给网关

10:12:37 在与 SQL Server 建立连接时出现与网络相关的或特定于实例的错误。未找到或无法访问服务器。请验证实例名称是否正确并且 SQL Server 已配置为允许远程连接。 (provider: Named Pipes Provider, error: 40 - 无法打开到 SQL Server 的连接)
10:12:42 000016713281抄表成功！值：000031.42
10:12:56 准备发送，队列：0

10:25:32 注册成功
10:25:34 准备发送，队列：0

10:25:34 已发送给网关

10:25:36 000016713281抄表成功！值：000031.44
10:26:09 准备发送，队列：0

10:26:10 已发送给网关

10:26:11 000016713281抄表成功！值：000031.44
10:38:14 你的主机中的软件中止了一个已建立的连接。
10:45:46 注册成功
10:45:47 准备发送，队列：0

10:45:48 已发送给网关

10:45:49 000016713281抄表成功！值：000031.47
11:55:37 注册成功
11:55:38 准备发送，队列：0

11:55:38 已发送给网关

11:55:40 000016713281抄表成功！值：000031.57
12:05:22 注册成功
12:05:23 准备发送，队列：0

12:05:23 已发送给网关

12:05:31 000016713281抄表成功！值：000031.58
12:10:21 准备发送，队列：0

12:10:21 已发送给网关

12:10:24 000016713281抄表成功！值：000031.59
12:15:21 准备发送，队列：0

12:15:21 已发送给网关

12:15:23 000016713281抄表成功！值：000031.59
12:20:21 准备发送，队列：0

12:20:21 已发送给网关

12:20:23 000016713281抄表成功！值：000031.60
12:25:21 准备发送，队列：0

12:25:21 已发送给网关

12:25:23 000016713281抄表成功！值：000031.61
12:30:21 准备发送，队列：0

12:30:21 已发送给网关

12:30:25 000016713281抄表成功！值：000031.62
12:35:21 准备发送，队列：0

12:35:21 已发送给网关

12:35:23 000016713281抄表成功！值：000031.63
12:40:21 准备发送，队列：0

12:40:21 已发送给网关

12:40:23 000016713281抄表成功！值：000031.64
12:45:21 准备发送，队列：0

12:45:21 已发送给网关

12:45:23 000016713281抄表成功！值：000031.66
12:50:21 准备发送，队列：0

12:50:21 已发送给网关

12:50:23 000016713281抄表成功！值：000031.84
12:55:21 准备发送，队列：0

12:55:21 已发送给网关

12:55:30 000016713281抄表成功！值：000031.95
13:00:21 准备发送，队列：0

13:00:21 已发送给网关

13:00:23 000016713281抄表成功！值：000031.96
13:05:21 准备发送，队列：0

13:05:21 已发送给网关

13:05:23 000016713281抄表成功！值：000031.98
13:22:34 注册成功
13:22:35 准备发送，队列：0

13:22:35 已发送给网关

13:22:37 000016713281抄表成功！值：000032.03
