11:47:42 注册失败
11:47:42 “,”附近有语法错误。
11:58:08 注册失败
11:58:09 “,”附近有语法错误。
12:23:06 注册成功
12:23:07 “,”附近有语法错误。
12:23:07 准备发送，队列：0

12:23:07 “,”附近有语法错误。
12:23:07 无效的 JSON 基元: 。
12:23:07 无效的 JSON 基元: 。
12:24:11 注册失败
12:24:26 你的主机中的软件中止了一个已建立的连接。
12:24:26 “,”附近有语法错误。
12:24:32 注册失败
12:25:41 你的主机中的软件中止了一个已建立的连接。
12:25:41 注册失败
12:25:42 “,”附近有语法错误。
12:26:11 注册成功
12:26:14 “,”附近有语法错误。
12:26:14 准备发送，队列：0

12:26:14 “,”附近有语法错误。
12:26:14 无效的 JSON 基元: 。
12:26:14 无效的 JSON 基元: 。
12:26:14 准备发送，队列：0

12:26:14 “,”附近有语法错误。
12:26:22 已发送给网关

12:26:23 “,”附近有语法错误。
12:26:27 000016713281抄表成功！值：000013.97
12:27:09 已发送给网关

12:27:09 “,”附近有语法错误。
12:27:57 注册失败
12:27:58 “,”附近有语法错误。
12:29:41 注册成功
12:30:19 “,”附近有语法错误。
12:33:37 注册成功
12:34:08 “,”附近有语法错误。
12:34:14 准备发送，队列：0

12:34:20 “,”附近有语法错误。
12:34:24 已发送给网关

12:34:28 “,”附近有语法错误。
12:34:37 000016713281抄表成功！值：000013.99
12:36:55 注册成功
12:38:12 “,”附近有语法错误。
12:38:21 准备发送，队列：0

12:41:42 注册失败
12:45:26 注册成功
12:45:35 准备发送，队列：0

12:45:36 已发送给网关

12:45:38 000016713281抄表成功！值：000014.17
12:51:22 注册成功
12:51:24 准备发送，队列：0

12:51:25 已发送给网关

12:51:36 000016713281抄表成功！值：000014.19
13:00:28 注册成功
13:00:30 准备发送，队列：0

13:00:31 已发送给网关

13:00:33 000016713281抄表成功！值：000014.22
13:00:41 准备发送，队列：0

13:00:42 已发送给网关

13:00:43 000016713281抄表成功！值：000014.22
13:01:01 已发送给网关

13:01:54 注册失败
13:02:25 注册成功
13:02:32 准备发送，队列：0

13:02:33 已发送给网关

13:02:35 无效的 JSON 基元: 。
13:03:22 注册失败
13:05:19 注册失败
13:07:20 注册成功
13:07:29 无法识别的 GUID 格式。
13:11:33 注册成功
13:11:40 无法识别的 GUID 格式。
13:12:45 注册失败
13:15:17 注册成功
13:16:27 无法识别的 GUID 格式。
13:16:49 注册失败
13:18:40 注册失败
13:19:02 注册失败
13:20:56 注册失败
13:21:10 注册失败
13:23:55 注册成功
13:25:30 注册成功
13:26:23 准备发送，队列：0

13:26:26 已发送给网关

13:26:34 无效的 JSON 基元: 。
13:26:34 准备发送，队列：0

13:26:34 已发送给网关

13:26:39 000016713281抄表成功！值：000014.31
13:26:40 准备发送，队列：0

13:26:40 已发送给网关

13:26:40 准备发送，队列：0

13:26:41 000016713281抄表成功！值：000014.31
13:26:42 准备发送，队列：1

13:26:42 已发送给网关

13:26:42 准备发送，队列：1

13:26:42 准备发送，队列：2

13:26:42 准备发送，队列：3

13:26:44 000016713281抄表成功！值：000014.31
13:31:23 注册失败
13:37:09 注册成功
13:39:42 注册成功
13:40:05 注册成功
13:40:20 无效的 JSON 基元: 。
13:40:20 注册成功
13:40:20 注册成功
13:40:20 准备发送，队列：0

13:40:20 已发送给网关

13:40:22 000016713281抄表成功！值：000014.34
13:40:54 准备发送，队列：0

13:40:54 已发送给网关

13:40:58 000016713281抄表成功！值：000014.35
13:42:30 注册失败
13:42:34 无法访问已释放的对象。
对象名:“System.Net.Sockets.Socket”。
13:47:57 注册失败
13:56:02 注册失败
13:59:34 注册失败
14:22:11 注册失败
14:27:49 注册成功
14:27:56 无法识别的 GUID 格式。
14:28:26 注册失败
14:28:39 无法识别的 GUID 格式。
14:29:14 注册失败
14:30:05 注册成功
14:30:18 无法识别的 GUID 格式。
14:35:55 注册失败
14:37:35 注册失败
