10:25:25 注册成功
10:25:27 准备发送，队列：0

10:25:27 已发送给网关

10:25:48 000016713281抄表成功！值：000037.76
10:35:03 注册成功
10:35:04 准备发送，队列：0

10:35:04 已发送给网关

10:35:15 000016713281抄表成功！值：000037.80
10:59:50 注册成功
10:59:51 准备发送，队列：0

10:59:51 已发送给网关

10:59:53 000016713281抄表成功！值：000037.87
11:15:07 注册成功
11:15:08 准备发送，队列：0

11:15:08 已发送给网关

11:16:05 准备发送，队列：0

11:16:05 已发送给网关

11:16:07 000016713281抄表成功！值：000037.90
11:57:19 注册失败
12:19:37 注册成功
12:19:38 准备发送，队列：0

12:19:38 已发送给网关

12:19:40 000016713281抄表成功！值：000038.03
13:10:08 注册成功
13:10:09 准备发送，队列：0

13:10:09 已发送给网关

13:10:11 000016713281抄表成功！值：000038.16
13:50:28 远程主机强迫关闭了一个现有的连接。
13:52:17 注册成功
13:52:19 准备发送，队列：1

13:52:19 已发送给网关

13:52:20 000016713281抄表成功！值：000038.26
13:52:27 远程主机强迫关闭了一个现有的连接。
14:00:17 注册成功
14:00:18 用户 'sa' 登录失败。
14:00:18 用户 'sa' 登录失败。
14:00:18 准备发送，队列：1

14:00:18 用户 'sa' 登录失败。
14:00:18 已发送给网关

14:00:18 用户 'sa' 登录失败。
14:00:19 用户 'sa' 登录失败。
14:00:20 抄表失败
14:00:20 用户 'sa' 登录失败。
14:01:09 远程主机强迫关闭了一个现有的连接。
