13:40:12 注册成功
13:40:14 准备发送，队列：0

13:40:14 已发送给网关

13:43:12 注册成功
13:43:21 准备发送，队列：0

13:43:21 已发送给网关

13:43:25 000016713281抄表成功！值：000028.77
13:50:09 准备发送，队列：0

13:50:29 已发送给网关

13:50:30 000016713281抄表成功！值：000028.78
13:51:38 准备发送，队列：0

13:51:38 已发送给网关

13:51:40 000016713281抄表成功！值：000028.78
13:53:54 准备发送，队列：0

13:53:54 已发送给网关

14:05:32 由于连接方在一段时间后没有正确答复或连接的主机没有反应，连接尝试失败。
14:13:40 注册成功
14:13:52 准备发送，队列：0

14:13:52 已发送给网关

14:15:39 准备发送，队列：0

14:15:39 已发送给网关

14:15:40 000016713281抄表成功！值：000028.82
14:17:20 准备发送，队列：0

14:17:20 已发送给网关

14:17:43 000016713281抄表成功！值：000028.82
14:20:25 准备发送，队列：0

14:20:26 已发送给网关

14:20:27 000016713281抄表成功！值：000028.82
14:21:32 准备发送，队列：0

14:21:32 已发送给网关

14:21:34 000016713281抄表成功！值：000028.83
14:22:15 准备发送，队列：0

14:22:15 已发送给网关

14:23:52 准备发送，队列：0

14:23:53 已发送给网关

14:23:58 000016713281抄表成功！值：000028.83
14:25:58 准备发送，队列：0

14:25:58 已发送给网关

14:27:27 准备发送，队列：0

14:27:27 已发送给网关

14:28:37 准备发送，队列：0

14:28:37 已发送给网关

14:28:37 000016713281抄表成功！值：000028.83
14:29:04 准备发送，队列：0

14:29:04 已发送给网关

14:30:13 准备发送，队列：0

14:30:14 已发送给网关

14:31:16 准备发送，队列：0

14:31:16 已发送给网关

14:32:18 准备发送，队列：0

14:32:18 已发送给网关

14:33:22 准备发送，队列：0

14:33:23 已发送给网关

14:34:29 准备发送，队列：0

14:34:29 已发送给网关

14:34:39 000016713281抄表成功！值：000028.84
14:35:27 准备发送，队列：0

14:35:27 已发送给网关

14:35:42 000016713281抄表成功！值：000028.84
14:36:59 远程主机强迫关闭了一个现有的连接。
14:50:37 注册成功
14:50:38 准备发送，队列：0

14:50:38 已发送给网关

14:50:49 000016713281抄表成功！值：000028.87
14:58:56 远程主机强迫关闭了一个现有的连接。
15:01:27 注册成功
15:01:28 准备发送，队列：1

15:01:29 已发送给网关

15:01:30 000016713281抄表成功！值：000028.88
15:01:40 准备发送，队列：0

15:01:40 已发送给网关

15:01:42 000016713281抄表成功！值：000028.88
15:16:50 由于连接方在一段时间后没有正确答复或连接的主机没有反应，连接尝试失败。
15:18:16 注册成功
15:18:17 准备发送，队列：0

15:18:17 已发送给网关

15:19:56 准备发送，队列：0

15:19:56 已发送给网关

15:21:45 注册成功
15:21:45 未从此类上对应的异步方法中返回 IAsyncResult 对象。
参数名: asyncResult
15:21:46 无法访问已释放的对象。
对象名:“System.Net.Sockets.Socket”。
15:22:38 注册成功
15:22:39 准备发送，队列：0

15:22:39 已发送给网关

15:26:41 注册成功
15:26:41 注册成功
15:26:41 未从此类上对应的异步方法中返回 IAsyncResult 对象。
参数名: asyncResult
15:26:41 无法访问已释放的对象。
对象名:“System.Net.Sockets.Socket”。
15:28:12 注册成功
15:28:13 准备发送，队列：0

15:28:13 已发送给网关

15:29:53 注册成功
15:29:54 准备发送，队列：0

15:29:54 已发送给网关

15:32:04 准备发送，队列：0

15:32:04 已发送给网关

15:35:35 准备发送，队列：0

15:35:35 已发送给网关

15:35:37 000016713281抄表成功！值：000028.93
15:36:38 准备发送，队列：0

15:36:38 已发送给网关

15:36:40 000016713281抄表成功！值：000028.93
15:37:19 准备发送，队列：0

15:37:19 已发送给网关

15:37:26 000016713281抄表成功！值：000028.93
15:40:43 注册成功
15:40:44 准备发送，队列：0

15:40:44 已发送给网关

15:40:46 000016713281抄表成功！值：000028.94
16:00:33 由于连接方在一段时间后没有正确答复或连接的主机没有反应，连接尝试失败。
16:25:05 注册成功
16:25:07 准备发送，队列：0

16:25:09 已发送给网关

16:27:17 准备发送，队列：0

16:27:17 已发送给网关

16:29:04 准备发送，队列：0

16:29:28 准备发送，队列：1

16:30:21 准备发送，队列：2

16:30:38 准备发送，队列：3

16:31:45 准备发送，队列：4

