09:26:42 远程主机强迫关闭了一个现有的连接。
09:32:42 远程主机强迫关闭了一个现有的连接。
09:35:13 注册成功
09:35:14 准备发送，队列：1

09:35:15 已发送给网关

09:35:17 准备发送，队列：0

09:35:17 准备发送，队列：1

09:35:19 已发送给网关

09:35:21 已发送给网关

09:35:21 准备发送，队列：0

09:35:26 已发送给网关

09:35:27 1抄表成功！值：57
09:35:31 1抄表成功！值：57
09:35:36 1抄表成功！值：57
09:35:48 准备发送，队列：1

09:35:48 已发送给网关

09:35:51 准备发送，队列：0

09:35:52 已发送给网关

09:35:56 准备发送，队列：0

09:35:56 已发送给网关

09:36:01 准备发送，队列：0

09:36:04 已发送给网关

09:36:09 远程主机强迫关闭了一个现有的连接。
09:36:42 注册成功
09:36:43 准备发送，队列：1

09:36:43 已发送给网关

09:36:45 1抄表成功！值：57
09:37:09 远程主机强迫关闭了一个现有的连接。
09:38:18 注册成功
09:38:19 准备发送，队列：1

09:38:19 已发送给网关

09:38:21 101抄表成功！值：3.475541
09:39:01 准备发送，队列：0

09:39:01 已发送给网关

09:39:03 101抄表成功！值：3.485742
09:39:09 远程主机强迫关闭了一个现有的连接。
09:40:23 注册成功
09:40:24 准备发送，队列：1

09:40:24 已发送给网关

09:40:26 101抄表成功！值：3.506847
09:41:09 远程主机强迫关闭了一个现有的连接。
10:22:59 远程主机强迫关闭了一个现有的连接。
