14:01:55 注册成功
14:02:10 无法识别的 GUID 格式。
14:03:09 准备发送，队列：0

14:03:13 已发送给网关

14:03:17 输入字符串的格式不正确。
14:04:18 输入字符串的格式不正确。
14:05:20 输入字符串的格式不正确。
14:06:52 输入字符串的格式不正确。
14:07:04 准备发送，队列：0

14:07:13 已发送给网关

14:07:40 输入字符串的格式不正确。
14:08:16 输入字符串的格式不正确。
14:09:16 输入字符串的格式不正确。
14:10:17 输入字符串的格式不正确。
14:11:18 输入字符串的格式不正确。
14:13:11 输入字符串的格式不正确。
14:13:23 输入字符串的格式不正确。
14:14:21 输入字符串的格式不正确。
14:15:22 输入字符串的格式不正确。
14:16:24 输入字符串的格式不正确。
14:17:24 输入字符串的格式不正确。
14:18:26 输入字符串的格式不正确。
14:19:26 输入字符串的格式不正确。
14:20:28 输入字符串的格式不正确。
14:21:28 输入字符串的格式不正确。
14:22:30 输入字符串的格式不正确。
14:23:31 输入字符串的格式不正确。
14:24:32 输入字符串的格式不正确。
14:30:23 注册成功
14:43:34 准备发送，队列：0

14:43:34 已发送给网关

14:50:41 准备发送，队列：0

14:50:42 已发送给网关

14:59:06 准备发送，队列：0

14:59:06 已发送给网关

15:00:52 准备发送，队列：0

15:00:52 已发送给网关

15:02:03 准备发送，队列：0

15:02:08 已发送给网关

15:02:33 准备发送，队列：0

15:02:36 已发送给网关

