15:31:21 注册成功
15:31:23 用户 'sa' 登录失败。
15:32:16 无法识别的 GUID 格式。
15:32:16 远程主机强迫关闭了一个现有的连接。
15:34:54 注册成功
15:34:54 用户 'sa' 登录失败。
15:36:03 远程主机强迫关闭了一个现有的连接。
15:38:01 无法识别的 GUID 格式。
15:40:54 注册成功
15:40:55 用户 'sa' 登录失败。
15:41:55 远程主机强迫关闭了一个现有的连接。
15:47:34 注册成功
15:47:34 用户 'sa' 登录失败。
15:47:43 准备发送，队列：1

15:47:43 无法识别的 GUID 格式。
15:47:48 已发送给网关

15:47:48 无法识别的 GUID 格式。
15:49:24 注册成功
15:49:24 用户 'sa' 登录失败。
15:50:32 注册成功
15:51:35 远程主机强迫关闭了一个现有的连接。
15:52:12 注册成功
15:53:15 远程主机强迫关闭了一个现有的连接。
15:53:58 无法识别的 GUID 格式。
15:57:02 注册成功
15:57:58 注册成功
15:58:57 注册成功
15:59:55 远程主机强迫关闭了一个现有的连接。
16:05:09 注册成功
16:06:07 远程主机强迫关闭了一个现有的连接。
16:08:22 注册成功
16:11:58 注册成功
16:13:20 远程主机强迫关闭了一个现有的连接。
16:14:05 远程主机强迫关闭了一个现有的连接。
16:15:16 远程主机强迫关闭了一个现有的连接。
16:16:10 远程主机强迫关闭了一个现有的连接。
16:19:38 注册成功
16:20:39 远程主机强迫关闭了一个现有的连接。
16:20:41 注册成功
16:21:38 远程主机强迫关闭了一个现有的连接。
16:21:39 注册成功
16:22:36 由于目标计算机积极拒绝，无法连接。 171.221.216.228:6666
16:22:36 远程主机强迫关闭了一个现有的连接。
16:35:19 注册成功
16:36:16 由于目标计算机积极拒绝，无法连接。 171.221.216.228:6666
16:36:52 远程主机强迫关闭了一个现有的连接。
16:40:28 注册成功
