13:49:39 连接服务器成功！
13:49:53 注册成功
13:50:01 光照温湿度：光照-152，温度-26.36，湿度-68.06
13:50:52 光照温湿度：光照-150，温度-26.34，湿度-67.93
13:51:52 光照温湿度：光照-148，温度-26.32，湿度-67.89
13:52:49 光照温湿度：光照-149，温度-26.32，湿度-67.89
14:12:52 正在重连...
14:12:55 注册成功
14:12:57 准备发送，队列：0

14:12:57 无法识别的 GUID 格式。
14:12:57 已发送给网关

14:12:57 无法识别的 GUID 格式。
14:13:01 准备发送，队列：0

14:13:01 无法识别的 GUID 格式。
14:13:01 已发送给网关

14:13:01 无法识别的 GUID 格式。
14:13:10 光照温湿度：光照-120，温度-26.55，湿度-69.04
14:14:11 光照温湿度：光照-119，温度-26.55，湿度-69.23
14:14:37 正在重连...
14:14:38 注册成功
14:14:39 准备发送，队列：0

14:14:39 无法识别的 GUID 格式。
14:14:39 已发送给网关

14:14:39 无法识别的 GUID 格式。
14:15:00 准备发送，队列：0

14:15:00 无法识别的 GUID 格式。
14:15:00 已发送给网关

14:15:00 无法识别的 GUID 格式。
14:15:11 光照温湿度：光照-119，温度-26.54，湿度-69.35
14:15:21 准备发送，队列：0

14:15:21 无法识别的 GUID 格式。
14:15:21 已发送给网关

14:15:21 无法识别的 GUID 格式。
14:15:42 准备发送，队列：0

14:15:42 无法识别的 GUID 格式。
14:15:42 已发送给网关

14:15:42 无法识别的 GUID 格式。
14:16:06 准备发送，队列：0

14:16:06 无法识别的 GUID 格式。
14:16:07 已发送给网关

14:16:07 无法识别的 GUID 格式。
14:16:12 光照温湿度：光照-118，温度-26.53，湿度-69.37
14:16:31 准备发送，队列：0

14:16:31 无法识别的 GUID 格式。
14:16:31 已发送给网关

14:16:31 无法识别的 GUID 格式。
14:16:54 准备发送，队列：0

14:16:54 无法识别的 GUID 格式。
14:16:55 已发送给网关

14:16:55 无法识别的 GUID 格式。
14:17:13 光照温湿度：光照-118，温度-26.53，湿度-69.19
14:18:14 光照温湿度：光照-117，温度-26.52，湿度-68.94
14:19:15 光照温湿度：光照-117，温度-26.51，湿度-68.6
14:20:16 光照温湿度：光照-118，温度-26.49，湿度-68.29
14:21:17 光照温湿度：光照-117，温度-26.48，湿度-67.96
14:22:18 光照温湿度：光照-117，温度-26.46，湿度-67.62
14:23:19 光照温湿度：光照-117，温度-26.44，湿度-67.46
14:24:20 光照温湿度：光照-116，温度-26.42，湿度-66.79
14:25:21 光照温湿度：光照-116，温度-26.39，湿度-66.61
14:26:22 光照温湿度：光照-116，温度-26.38，湿度-66.42
14:27:23 光照温湿度：光照-115，温度-26.38，湿度-66.14
14:28:24 光照温湿度：光照-115，温度-26.38，湿度-65.77
14:29:17 你的主机中的软件中止了一个已建立的连接。
14:29:17 注册成功
14:29:25 光照温湿度：光照-115，温度-26.35，湿度-65.59
14:30:26 光照温湿度：光照-115，温度-26.33，湿度-65.38
14:31:27 光照温湿度：光照-114，温度-26.3，湿度-65.32
15:20:37 正在重连...
15:20:38 注册成功
15:20:39 准备发送，队列：0

15:20:39 无法识别的 GUID 格式。
15:20:39 已发送给网关

15:20:39 无法识别的 GUID 格式。
15:20:39 准备发送，队列：1

15:20:39 无法识别的 GUID 格式。
15:20:39 准备发送，队列：1

15:20:39 无法识别的 GUID 格式。
15:20:40 已发送给网关

15:20:40 无法识别的 GUID 格式。
15:20:40 已发送给网关

15:20:40 无法识别的 GUID 格式。
15:20:41 准备发送，队列：0

15:20:41 无法识别的 GUID 格式。
15:20:43 准备发送，队列：1

15:20:43 无法识别的 GUID 格式。
15:20:43 已发送给网关

15:20:43 无法识别的 GUID 格式。
15:20:44 已发送给网关

15:20:44 无法识别的 GUID 格式。
15:20:46 准备发送，队列：0

15:20:46 无法识别的 GUID 格式。
15:20:48 已发送给网关

15:20:48 无法识别的 GUID 格式。
15:21:00 准备发送，队列：0

15:21:00 无法识别的 GUID 格式。
15:21:00 已发送给网关

15:21:00 无法识别的 GUID 格式。
15:21:00 准备发送，队列：0

15:21:00 无法识别的 GUID 格式。
15:21:00 准备发送，队列：0

15:21:00 无法识别的 GUID 格式。
15:21:01 已发送给网关

15:21:01 无法识别的 GUID 格式。
15:21:01 已发送给网关

15:21:01 无法识别的 GUID 格式。
15:21:16 光照温湿度：光照-114，温度-26.31，湿度-71.46
15:21:21 准备发送，队列：0

15:21:21 无法识别的 GUID 格式。
15:21:21 已发送给网关

15:21:21 无法识别的 GUID 格式。
15:21:21 准备发送，队列：0

15:21:21 无法识别的 GUID 格式。
15:21:21 准备发送，队列：0

15:21:21 无法识别的 GUID 格式。
15:21:22 已发送给网关

15:21:22 无法识别的 GUID 格式。
15:21:22 已发送给网关

15:21:22 无法识别的 GUID 格式。
15:21:42 准备发送，队列：0

15:21:42 无法识别的 GUID 格式。
15:21:42 已发送给网关

15:21:42 无法识别的 GUID 格式。
15:21:42 准备发送，队列：0

15:21:42 无法识别的 GUID 格式。
15:21:42 准备发送，队列：0

15:21:42 无法识别的 GUID 格式。
15:21:43 已发送给网关

15:21:43 无法识别的 GUID 格式。
15:21:43 已发送给网关

15:21:43 无法识别的 GUID 格式。
15:22:03 准备发送，队列：0

15:22:03 无法识别的 GUID 格式。
15:22:03 已发送给网关

15:22:03 无法识别的 GUID 格式。
15:22:03 准备发送，队列：0

15:22:03 无法识别的 GUID 格式。
15:22:03 准备发送，队列：0

15:22:03 无法识别的 GUID 格式。
15:22:04 已发送给网关

15:22:04 无法识别的 GUID 格式。
15:22:04 已发送给网关

15:22:04 无法识别的 GUID 格式。
15:22:17 光照温湿度：光照-113，温度-26.36，湿度-73.42
15:22:24 准备发送，队列：0

15:22:24 无法识别的 GUID 格式。
15:22:24 已发送给网关

15:22:24 无法识别的 GUID 格式。
15:22:24 准备发送，队列：0

15:22:25 无法识别的 GUID 格式。
15:22:25 准备发送，队列：0

15:22:25 无法识别的 GUID 格式。
15:22:25 已发送给网关

15:22:25 无法识别的 GUID 格式。
15:22:25 已发送给网关

15:22:25 无法识别的 GUID 格式。
