15:56:11 连接服务器成功！
15:56:11 注册成功
15:57:08 光照温湿度：光照-181，温度-24.19，湿度-41.1
15:58:16 连接服务器成功！
15:58:16 注册成功
15:59:10 光照温湿度：光照-180，温度-24.21，湿度-41.05
16:00:06 连接服务器成功！
16:00:07 注册成功
16:00:11 光照温湿度：光照-180，温度-24.21，湿度-41.17
16:01:13 光照温湿度：光照-180，温度-24.21，湿度-41.14
16:01:17 准备发送，队列：0

16:01:20 无法识别的 GUID 格式。
16:01:21 已发送给网关

16:01:23 无法识别的 GUID 格式。
16:01:23 异常，DevEUI Error

16:01:24 无法识别的 GUID 格式。
16:01:24 异常，DevEUI Error

16:01:25 无法识别的 GUID 格式。
16:01:25 异常，DevEUI Error

16:01:25 无法识别的 GUID 格式。
16:01:25 异常，DevEUI Error

16:01:25 无法识别的 GUID 格式。
16:01:25 异常，DevEUI Error

16:01:25 无法识别的 GUID 格式。
16:01:25 异常，DevEUI Error

16:01:25 无法识别的 GUID 格式。
16:01:25 异常，DevEUI Error

16:01:25 无法识别的 GUID 格式。
16:01:25 异常，DevEUI Error

16:01:25 无法识别的 GUID 格式。
16:01:25 异常，DevEUI Error

16:01:25 无法识别的 GUID 格式。
16:01:25 准备发送，队列：0

16:01:25 无法识别的 GUID 格式。
16:01:25 准备发送，队列：0

16:01:25 无法识别的 GUID 格式。
16:01:25 已发送给网关

16:01:25 无法识别的 GUID 格式。
16:01:26 已发送给网关

16:01:26 无法识别的 GUID 格式。
