09:18:54 注册成功
09:18:55 远程主机强迫关闭了一个现有的连接。
09:21:03 注册成功
09:21:05 准备发送，队列：1

09:21:05 已发送给网关

09:21:09 101抄表成功！值：3.219815
09:21:26 准备发送，队列：1

09:21:26 已发送给网关

09:21:28 1抄表成功！值：5.745324E-44
09:22:00 远程主机强迫关闭了一个现有的连接。
09:25:02 注册成功
09:25:03 准备发送，队列：1

09:25:03 已发送给网关

09:25:05 1抄表成功！值：0
09:28:57 注册成功
09:28:58 准备发送，队列：0

09:28:58 已发送给网关

09:29:00 1抄表成功！值：5.745324E-44
09:29:58 注册成功
09:29:59 准备发送，队列：0

09:29:59 已发送给网关

09:30:01 1抄表成功！值：5.745324E-44
09:30:47 远程主机强迫关闭了一个现有的连接。
09:31:19 注册成功
09:31:20 准备发送，队列：1

09:31:20 已发送给网关

09:31:22 输入字符串的格式不正确。
09:32:11 远程主机强迫关闭了一个现有的连接。
10:17:42 注册成功
10:17:43 准备发送，队列：1

10:17:43 已发送给网关

10:17:46 输入字符串的格式不正确。
10:18:50 注册成功
10:18:51 准备发送，队列：0

10:18:51 已发送给网关

10:18:53 1抄表成功！值：4.224433E-39
10:19:47 远程主机强迫关闭了一个现有的连接。
10:25:53 注册成功
10:25:54 准备发送，队列：1

10:25:54 已发送给网关

10:25:56 1抄表成功！值：4.178498
10:26:43 远程主机强迫关闭了一个现有的连接。
10:26:56 注册成功
10:26:57 准备发送，队列：1

10:26:57 已发送给网关

10:26:59 1抄表成功！值：0.06692073
10:48:19 无法访问已释放的对象。
对象名:“System.Net.Sockets.Socket”。
13:44:28 注册成功
13:44:44 准备发送，队列：0

13:44:44 已发送给网关

13:45:24 远程主机强迫关闭了一个现有的连接。
13:46:48 注册成功
13:46:49 准备发送，队列：1

13:46:50 已发送给网关

13:47:43 远程主机强迫关闭了一个现有的连接。
13:51:30 注册成功
13:51:31 准备发送，队列：1

13:51:31 已发送给网关

13:52:43 注册成功
13:52:44 准备发送，队列：0

13:52:44 已发送给网关

14:15:54 注册成功
14:15:55 准备发送，队列：0

14:15:55 已发送给网关

14:16:10 1抄表成功！值：32
14:16:25 准备发送，队列：1

14:16:25 已发送给网关

14:16:31 101抄表成功！值：3.075243
14:18:10 注册成功
14:18:11 准备发送，队列：0

14:18:12 已发送给网关

14:18:15 1抄表成功！值：50
14:23:34 注册成功
14:23:36 准备发送，队列：0

14:23:36 已发送给网关

14:23:37 1抄表成功！值：50
14:24:17 远程主机强迫关闭了一个现有的连接。
14:24:22 注册成功
14:25:17 远程主机强迫关闭了一个现有的连接。
14:27:25 注册成功
14:28:17 远程主机强迫关闭了一个现有的连接。
14:28:50 注册成功
14:29:17 远程主机强迫关闭了一个现有的连接。
14:29:44 注册成功
14:29:46 准备发送，队列：1

14:29:46 已发送给网关

14:29:48 101抄表成功！值：3.302829
14:30:17 远程主机强迫关闭了一个现有的连接。
15:45:32 注册成功
15:45:39 准备发送，队列：1

15:45:41 已发送给网关

15:45:41 1抄表成功！值：55
15:46:17 远程主机强迫关闭了一个现有的连接。
