11:11:11 注册成功
11:15:26 注册成功
11:15:27 准备发送，队列：0

11:15:27 已发送给网关

11:15:35 输入字符串的格式不正确。
11:17:03 准备发送，队列：0

11:17:03 已发送给网关

11:17:23 输入字符串的格式不正确。
11:17:41 准备发送，队列：0

11:17:41 已发送给网关

11:18:47 注册成功
11:18:48 准备发送，队列：0

11:18:48 已发送给网关

11:19:31 330018020615抄表成功！值：141
11:20:29 注册成功
11:20:30 准备发送，队列：0

11:20:30 已发送给网关

11:20:48 330018020615抄表成功！值：141
11:41:45 注册成功
11:41:46 准备发送，队列：0

11:41:46 已发送给网关

11:41:49 1抄表成功！值：0
11:43:18 注册成功
11:43:20 准备发送，队列：0

11:43:20 已发送给网关

11:43:21 1抄表成功！值：0
11:43:37 注册成功
11:43:38 准备发送，队列：0

11:43:38 已发送给网关

11:43:40 1抄表成功！值：0
11:43:56 注册成功
11:43:57 准备发送，队列：0

11:43:57 已发送给网关

11:43:59 1抄表成功！值：1.240149E-42
11:44:44 注册成功
11:44:45 准备发送，队列：0

11:44:45 已发送给网关

11:44:53 330018020615抄表成功！值：141
11:44:59 330018020615抄表成功！值：141
14:01:53 注册成功
14:01:54 准备发送，队列：0

14:01:54 已发送给网关

14:02:02 330018020615抄表成功！值：141
14:02:07 330018020615抄表成功！值：141
14:02:27 无法访问已释放的对象。
对象名:“System.Net.Sockets.Socket”。
14:02:27 注册成功
14:02:55 准备发送，队列：0

14:02:55 已发送给网关

14:02:57 1抄表成功！值：1.24155E-42
14:05:42 注册成功
14:05:43 准备发送，队列：0

14:05:43 已发送给网关

14:05:45 1抄表成功！值：0
16:00:42 注册成功
16:00:43 准备发送，队列：0

16:00:43 已发送给网关

16:00:46 1抄表成功！值：0
16:13:52 注册成功
16:13:53 准备发送，队列：0

16:13:53 已发送给网关

16:13:56 1抄表成功！值：0
16:19:24 注册成功
16:20:17 注册成功
16:29:34 连接服务器成功！
16:29:34 注册成功
16:30:20 光照温湿度：光照-136，温度-26.2，湿度-80.46
16:31:22 光照温湿度：光照-135，温度-26.26，湿度-80.81
16:32:22 光照温湿度：光照-135，温度-26.31，湿度-81.43
