11:02:04 连接服务器成功！
11:02:05 注册成功
11:02:36 光照温湿度：光照-118，温度-24.98，湿度-73.51
11:03:30 索引超出了数组界限。
11:03:31 光照温湿度：光照-119，温度-24.98，湿度-73.51
11:04:30 索引超出了数组界限。
11:04:32 光照温湿度：光照-119，温度-24.99，湿度-73.47
11:05:36 光照温湿度：光照-119，温度-25，湿度-73.39
11:07:33 正在重连...
11:07:33 注册成功
11:07:34 抄表请求发送成功！
11:07:35 准备发送，队列：0

11:07:35 已发送给网关

11:07:35 光照温湿度：光照-119，温度-24.93，湿度-73.54
11:07:38 抄表失败
11:07:38 列名 'DEVNO' 无效。
11:07:38 液位计：101，值：3.631369m

11:08:30 抄表请求发送成功！
11:08:30 准备发送，队列：0

11:08:30 已发送给网关

11:08:32 抄表失败
11:08:32 列名 'DEVNO' 无效。
11:08:32 液位计：101，值：3.598656m

11:08:36 光照温湿度：光照-119，温度-24.95，湿度-73.57
11:09:30 抄表请求发送成功！
11:09:30 准备发送，队列：0

11:09:30 已发送给网关

11:09:32 抄表失败
11:09:32 列名 'DEVNO' 无效。
11:09:32 液位计：101，值：3.563832m

11:09:37 光照温湿度：光照-119，温度-24.98，湿度-73.48
11:10:30 抄表请求发送成功！
11:10:30 准备发送，队列：0

11:10:30 已发送给网关

11:10:32 抄表失败
11:10:32 列名 'DEVNO' 无效。
11:10:32 液位计：101，值：3.527953m

11:10:38 光照温湿度：光照-119，温度-24.99，湿度-73.41
11:11:39 光照温湿度：光照-118，温度-25.01，湿度-73.29
11:12:40 光照温湿度：光照-118，温度-25.04，湿度-73.2
11:13:41 光照温湿度：光照-118，温度-25.06，湿度-73.1
11:13:42 无法访问已释放的对象。
对象名:“System.Net.Sockets.Socket”。
11:13:42 注册成功
13:06:25 由于连接方在一段时间后没有正确答复或连接的主机没有反应，连接尝试失败。 171.221.216.228:6666
13:06:44 连接服务器成功！
13:06:45 注册失败
13:08:17 连接服务器成功！
13:08:17 注册成功
13:08:33 光照温湿度：光照-123，温度-24.72，湿度-69.79
13:09:27 准备发送，队列：0

13:09:27 无法识别的 GUID 格式。
13:09:27 已发送给网关

13:09:28 无法识别的 GUID 格式。
13:09:28 异常，DevEUI Error

13:09:28 无法识别的 GUID 格式。
13:09:28 异常，DevEUI Error

13:09:28 无法识别的 GUID 格式。
13:09:28 异常，DevEUI Error

13:09:28 无法识别的 GUID 格式。
13:09:28 异常，DevEUI Error

13:09:28 无法识别的 GUID 格式。
13:09:28 异常，DevEUI Error

13:09:28 无法识别的 GUID 格式。
13:09:28 异常，DevEUI Error

13:09:28 无法识别的 GUID 格式。
13:09:28 异常，DevEUI Error

13:09:28 无法识别的 GUID 格式。
13:09:28 异常，DevEUI Error

13:09:28 抄表请求发送成功！
13:09:28 异常，DevEUI Error

13:09:28 准备发送，队列：0

13:09:28 准备发送，队列：0

13:09:28 已发送给网关

13:09:28 已发送给网关

13:09:28 准备发送，队列：0

13:09:28 已发送给网关

13:09:32 抄表失败
13:09:32 列名 'DEVNO' 无效。
13:09:32 液位计：101，值：3.399913m

13:09:34 光照温湿度：光照-124，温度-24.7，湿度-69.56
13:10:24 准备发送，队列：0

13:10:24 已发送给网关

13:10:24 异常，DevEUI Error

13:10:24 抄表请求发送成功！
13:10:24 异常，DevEUI Error

13:10:24 异常，DevEUI Error

13:10:24 异常，DevEUI Error

13:10:24 异常，DevEUI Error

13:10:24 异常，DevEUI Error

13:10:24 异常，DevEUI Error

13:10:24 异常，DevEUI Error

13:10:24 异常，DevEUI Error

13:10:24 准备发送，队列：0

13:10:24 准备发送，队列：0

13:10:24 已发送给网关

13:10:24 已发送给网关

13:10:24 准备发送，队列：0

13:10:25 已发送给网关

13:10:28 抄表失败
13:10:28 列名 'DEVNO' 无效。
13:10:28 液位计：101，值：3.361924m

13:10:35 光照温湿度：光照-124，温度-24.68，湿度-69.37
13:25:36 连接服务器成功！
13:25:36 注册成功
13:25:50 光照温湿度：光照-127，温度-24.59，湿度-68.42
21:31:31 套接字操作尝试一个无法连接的主机。 171.221.216.228:6666
